<?xml version="1.0" encoding="UTF-8"?>
<!-- Generated by org.testng.reporters.JUnitReportReporter -->
<testsuite hostname="DESKTOP-E85C9IU" failures="0" tests="3" name="TestNGDetails.Priortize" time="0.014" errors="0" timestamp="2023-05-08T17:06:46 IST" skipped="0">
  <testcase classname="TestNGDetails.Priortize" name="Priortize3" time="0.004"/>
  <system-out/>
  <testcase classname="TestNGDetails.Priortize" name="Priortize1" time="0.005"/>
  <system-out/>
  <testcase classname="TestNGDetails.Priortize" name="Priortize2" time="0.005"/>
  <system-out/>
</testsuite> <!-- TestNGDetails.Priortize -->
