<?xml version="1.0" encoding="UTF-8"?>
<!-- Generated by org.testng.reporters.JUnitReportReporter -->
<testsuite hostname="DESKTOP-E85C9IU" failures="0" tests="1" name="TestNGDetails.XMLFile" time="0.009" errors="0" timestamp="2023-05-08T17:06:46 IST" skipped="0">
  <testcase classname="TestNGDetails.XMLFile" name="XMLFILE" time="0.009"/>
  <system-out/>
</testsuite> <!-- TestNGDetails.XMLFile -->
