<?xml version="1.0" encoding="UTF-8"?>
<!-- Generated by org.testng.reporters.JUnitReportReporter -->
<testsuite hostname="DESKTOP-E85C9IU" failures="0" tests="1" name="TestNGDetails.AnnTest" time="0.020" errors="0" timestamp="2023-05-08T17:06:46 IST" skipped="0">
  <testcase classname="TestNGDetails.AnnTest" name="TestAnnoation2" time="0.020"/>
  <system-out/>
</testsuite> <!-- TestNGDetails.AnnTest -->
